Flow report for simpleALU
Thu Sep 07 11:50:54 2017
Quartus II 32-bit Version 12.0 Build 178 05/31/2012 SJ Full Version


---------------------
; Table of Contents ;
---------------------
  1. Legal Notice
  2. Flow Summary
  3. Flow Settings
  4. Flow Non-Default Global Settings
  5. Flow Elapsed Time
  6. Flow OS Summary
  7. Flow Log



----------------
; Legal Notice ;
----------------
Copyright (C) 1991-2012 Altera Corporation
Your use of Altera Corporation's design tools, logic functions 
and other software and tools, and its AMPP partner logic 
functions, and any output files from any of the foregoing 
(including device programming or simulation files), and any 
associated documentation or information are expressly subject 
to the terms and conditions of the Altera Program License 
Subscription Agreement, Altera MegaCore Function License 
Agreement, or other applicable license agreement, including, 
without limitation, that your use is for the sole purpose of 
programming logic devices manufactured by Altera and sold by 
Altera or its authorized distributors.  Please refer to the 
applicable agreement for further details.



+--------------------------------------------------------------------------------+
; Flow Summary                                                                   ;
+------------------------------------+-------------------------------------------+
; Flow Status                        ; Successful - Thu Sep 07 11:50:54 2017     ;
; Quartus II 32-bit Version          ; 12.0 Build 178 05/31/2012 SJ Full Version ;
; Revision Name                      ; simpleALU                                 ;
; Top-level Entity Name              ; simpleALU                                 ;
; Family                             ; Cyclone IV E                              ;
; Device                             ; EP4CE6E22C8                               ;
; Timing Models                      ; Final                                     ;
; Total logic elements               ; 29 / 6,272 ( < 1 % )                      ;
;     Total combinational functions  ; 29 / 6,272 ( < 1 % )                      ;
;     Dedicated logic registers      ; 0 / 6,272 ( 0 % )                         ;
; Total registers                    ; 0                                         ;
; Total pins                         ; 19 / 92 ( 21 % )                          ;
; Total virtual pins                 ; 0                                         ;
; Total memory bits                  ; 0 / 276,480 ( 0 % )                       ;
; Embedded Multiplier 9-bit elements ; 0 / 30 ( 0 % )                            ;
; Total PLLs                         ; 0 / 2 ( 0 % )                             ;
+------------------------------------+-------------------------------------------+


+-----------------------------------------+
; Flow Settings                           ;
+-------------------+---------------------+
; Option            ; Setting             ;
+-------------------+---------------------+
; Start date & time ; 09/07/2017 11:50:20 ;
; Main task         ; Compilation         ;
; Revision Name     ; simpleALU           ;
+-------------------+---------------------+


+--------------------------------------------------------------------------------------------------------------------------------+
; Flow Non-Default Global Settings                                                                                               ;
+--------------------------------------+---------------------------------------+---------------+-------------+-------------------+
; Assignment Name                      ; Value                                 ; Default Value ; Entity Name ; Section Id        ;
+--------------------------------------+---------------------------------------+---------------+-------------+-------------------+
; COMPILER_SIGNATURE_ID                ; 159209990030.150475621901560          ; --            ; --          ; --                ;
; EDA_DESIGN_INSTANCE_NAME             ; NA                                    ; --            ; --          ; simpleALU_vlg_tst ;
; EDA_NATIVELINK_SIMULATION_TEST_BENCH ; simpleALU_vlg_tst                     ; --            ; --          ; eda_simulation    ;
; EDA_OUTPUT_DATA_FORMAT               ; Verilog Hdl                           ; --            ; --          ; eda_simulation    ;
; EDA_SIMULATION_TOOL                  ; ModelSim-Altera (Verilog)             ; <None>        ; --          ; --                ;
; EDA_TEST_BENCH_ENABLE_STATUS         ; TEST_BENCH_MODE                       ; --            ; --          ; eda_simulation    ;
; EDA_TEST_BENCH_FILE                  ; simulation/modelsim/simpleALU.vt      ; --            ; --          ; simpleALU_vlg_tst ;
; EDA_TEST_BENCH_MODULE_NAME           ; simpleALU_vlg_tst                     ; --            ; --          ; simpleALU_vlg_tst ;
; EDA_TEST_BENCH_NAME                  ; simpleALU_vlg_tst                     ; --            ; --          ; eda_simulation    ;
; EDA_TIME_SCALE                       ; 1 ps                                  ; --            ; --          ; eda_simulation    ;
; MAX_CORE_JUNCTION_TEMP               ; 85                                    ; --            ; --          ; --                ;
; MIN_CORE_JUNCTION_TEMP               ; 0                                     ; --            ; --          ; --                ;
; NOMINAL_CORE_SUPPLY_VOLTAGE          ; 1.2V                                  ; --            ; --          ; --                ;
; PARTITION_COLOR                      ; 16764057                              ; --            ; --          ; Top               ;
; PARTITION_FITTER_PRESERVATION_LEVEL  ; PLACEMENT_AND_ROUTING                 ; --            ; --          ; Top               ;
; PARTITION_NETLIST_TYPE               ; SOURCE                                ; --            ; --          ; Top               ;
; POWER_BOARD_THERMAL_MODEL            ; None (CONSERVATIVE)                   ; --            ; --          ; --                ;
; POWER_PRESET_COOLING_SOLUTION        ; 23 MM HEAT SINK WITH 200 LFPM AIRFLOW ; --            ; --          ; --                ;
; PROJECT_OUTPUT_DIRECTORY             ; output_files                          ; --            ; --          ; --                ;
+--------------------------------------+---------------------------------------+---------------+-------------+-------------------+


+-------------------------------------------------------------------------------------------------------------------------------+
; Flow Elapsed Time                                                                                                             ;
+---------------------------+--------------+-------------------------+---------------------+------------------------------------+
; Module Name               ; Elapsed Time ; Average Processors Used ; Peak Virtual Memory ; Total CPU Time (on all processors) ;
+---------------------------+--------------+-------------------------+---------------------+------------------------------------+
; Analysis & Synthesis      ; 00:00:03     ; 1.0                     ; 279 MB              ; 00:00:02                           ;
; Fitter                    ; 00:00:08     ; 1.0                     ; 399 MB              ; 00:00:07                           ;
; Assembler                 ; 00:00:04     ; 1.0                     ; 274 MB              ; 00:00:02                           ;
; TimeQuest Timing Analyzer ; 00:00:10     ; 1.0                     ; 291 MB              ; 00:00:04                           ;
; EDA Netlist Writer        ; 00:00:02     ; 1.0                     ; 232 MB              ; 00:00:01                           ;
; Total                     ; 00:00:27     ; --                      ; --                  ; 00:00:16                           ;
+---------------------------+--------------+-------------------------+---------------------+------------------------------------+


+-----------------------------------------------------------------------------------------+
; Flow OS Summary                                                                         ;
+---------------------------+------------------+------------+------------+----------------+
; Module Name               ; Machine Hostname ; OS Name    ; OS Version ; Processor type ;
+---------------------------+------------------+------------+------------+----------------+
; Analysis & Synthesis      ; USER-20151027DL  ; Windows XP ; 5.1        ; i686           ;
; Fitter                    ; USER-20151027DL  ; Windows XP ; 5.1        ; i686           ;
; Assembler                 ; USER-20151027DL  ; Windows XP ; 5.1        ; i686           ;
; TimeQuest Timing Analyzer ; USER-20151027DL  ; Windows XP ; 5.1        ; i686           ;
; EDA Netlist Writer        ; USER-20151027DL  ; Windows XP ; 5.1        ; i686           ;
+---------------------------+------------------+------------+------------+----------------+


------------
; Flow Log ;
------------
quartus_map --read_settings_files=on --write_settings_files=off simpleALU -c simpleALU
quartus_fit --read_settings_files=off --write_settings_files=off simpleALU -c simpleALU
quartus_asm --read_settings_files=off --write_settings_files=off simpleALU -c simpleALU
quartus_sta simpleALU -c simpleALU
quartus_eda --read_settings_files=off --write_settings_files=off simpleALU -c simpleALU



